2025-03-14 09:19:41 [restartedMain] INFO  c.infomerica.SpringJdbcApplication - Starting SpringJdbcApplication using Java 17.0.12 with PID 5788 (C:\Users\bisha\Downloads\spring-jdbc (1)\spring-jdbc\target\classes started by Realme in C:\Users\bisha\Downloads\spring-jdbc (1)\spring-jdbc)
2025-03-14 09:19:41 [restartedMain] DEBUG c.infomerica.SpringJdbcApplication - Running with Spring Boot v3.2.2, Spring v6.1.3
2025-03-14 09:19:41 [restartedMain] INFO  c.infomerica.SpringJdbcApplication - No active profile set, falling back to 1 default profile: "default"
2025-03-14 09:19:41 [restartedMain] INFO  o.s.b.d.restart.ChangeableUrls - The Class-Path manifest attribute in C:\Users\bisha\.m2\repository\com\oracle\database\jdbc\ojdbc8\19.8.0.0\ojdbc8-19.8.0.0.jar referenced one or more files that do not exist: file:/C:/Users/bisha/.m2/repository/com/oracle/database/jdbc/ojdbc8/19.8.0.0/oraclepki.jar
2025-03-14 09:19:41 [restartedMain] INFO  o.s.b.d.e.DevToolsPropertyDefaultsPostProcessor - Devtools property defaults active! Set 'spring.devtools.add-properties' to 'false' to disable
2025-03-14 09:19:41 [restartedMain] INFO  o.s.b.d.e.DevToolsPropertyDefaultsPostProcessor - For additional web related logging consider setting the 'logging.level.web' property to 'DEBUG'
2025-03-14 09:19:43 [restartedMain] INFO  o.s.b.w.e.tomcat.TomcatWebServer - Tomcat initialized with port 8080 (http)
2025-03-14 09:19:43 [restartedMain] INFO  o.a.coyote.http11.Http11NioProtocol - Initializing ProtocolHandler ["http-nio-8080"]
2025-03-14 09:19:43 [restartedMain] INFO  o.a.catalina.core.StandardService - Starting service [Tomcat]
2025-03-14 09:19:43 [restartedMain] INFO  o.a.catalina.core.StandardEngine - Starting Servlet engine: [Apache Tomcat/10.1.18]
2025-03-14 09:19:43 [restartedMain] INFO  o.a.c.c.C.[Tomcat].[localhost].[/] - Initializing Spring embedded WebApplicationContext
2025-03-14 09:19:43 [restartedMain] INFO  o.s.b.w.s.c.ServletWebServerApplicationContext - Root WebApplicationContext: initialization completed in 1505 ms
2025-03-14 09:19:43 [restartedMain] INFO  o.s.b.d.a.OptionalLiveReloadServer - LiveReload server is running on port 35729
2025-03-14 09:19:43 [restartedMain] INFO  o.a.coyote.http11.Http11NioProtocol - Starting ProtocolHandler ["http-nio-8080"]
2025-03-14 09:19:43 [restartedMain] INFO  o.s.b.w.e.tomcat.TomcatWebServer - Tomcat started on port 8080 (http) with context path ''
2025-03-14 09:19:43 [restartedMain] INFO  c.infomerica.SpringJdbcApplication - Started SpringJdbcApplication in 2.74 seconds (process running for 3.309)
2025-03-14 09:20:02 [http-nio-8080-exec-1] INFO  o.a.c.c.C.[Tomcat].[localhost].[/] - Initializing Spring DispatcherServlet 'dispatcherServlet'
2025-03-14 09:20:02 [http-nio-8080-exec-1] INFO  o.s.web.servlet.DispatcherServlet - Initializing Servlet 'dispatcherServlet'
2025-03-14 09:20:02 [http-nio-8080-exec-1] INFO  o.s.web.servlet.DispatcherServlet - Completed initialization in 1 ms
2025-03-14 09:20:02 [http-nio-8080-exec-1] INFO  c.i.controller.ProductController - Received request to fetch product with ID: 1001
2025-03-14 09:20:02 [http-nio-8080-exec-1] INFO  c.infomerica.service.ProductService - Fetching product with ID: 1001
2025-03-14 09:20:02 [http-nio-8080-exec-1] INFO  c.i.repository.ProductRepository - Fetching product with ID: 1001
2025-03-14 09:20:03 [http-nio-8080-exec-1] DEBUG c.i.controller.ProductController - Product details: Product{id=1001, name='cleanser', description='cleanses ', price=1599.0}
2025-03-14 09:20:10 [http-nio-8080-exec-3] INFO  c.i.controller.ProductController - Received request to fetch all products
2025-03-14 09:20:10 [http-nio-8080-exec-3] INFO  c.i.repository.ProductRepository - Fetching all products...
2025-03-14 09:20:10 [http-nio-8080-exec-3] INFO  c.i.repository.ProductRepository - Retrieved 1 products
2025-03-14 09:20:10 [http-nio-8080-exec-3] INFO  c.infomerica.service.ProductService - Retrieved products : [Product{id=1001, name='cleanser', description='cleanses ', price=1599.0}]
2025-03-14 09:20:10 [http-nio-8080-exec-3] INFO  c.i.controller.ProductController - Returning 1 products
